# JRE version: Java(TM) SE Runtime Environment (8.0_92-b14) (build 1.8.0_92-b14)
# Java VM: Java HotSpot(TM) 64-Bit Server VM (25.92-b14 mixed mode bsd-amd64 compressed oops)
Heap:
 PSYoungGen      total 242688K, used 234594K [0x00000007aab00000, 0x00000007c0000000, 0x00000007c0000000)
  eden space 192512K, 95% used [0x00000007aab00000,0x00000007b5f1e288,0x00000007b6700000)
  from space 50176K, 99% used [0x00000007bcf00000,0x00000007bfffa8b8,0x00000007c0000000)
  to   space 78336K, 67% used [0x00000007b6700000,0x00000007b9a8c818,0x00000007bb380000)
 ParOldGen       total 699392K, used 121675K [0x0000000780000000, 0x00000007aab00000, 0x00000007aab00000)
  object space 699392K, 17% used [0x0000000780000000,0x00000007876d2f18,0x00000007aab00000)
 Metaspace       used 118474K, capacity 119133K, committed 119468K, reserved 1148928K
  class space    used 19659K, capacity 19863K, committed 19884K, reserved 1048576K
GC Heap History (10 events):
Event: 8.636 GC heap after
Heap after GC invocations=15 (full 4):
 PSYoungGen      total 300544K, used 29800K [0x00000007aab00000, 0x00000007c0000000, 0x00000007c0000000)
  eden space 251904K, 0% used [0x00000007aab00000,0x00000007aab00000,0x00000007ba100000)
  from space 48640K, 61% used [0x00000007ba100000,0x00000007bbe1a3d8,0x00000007bd080000)
  to   space 48128K, 0% used [0x00000007bd100000,0x00000007bd100000,0x00000007c0000000)
 ParOldGen       total 699392K, used 33721K [0x0000000780000000, 0x00000007aab00000, 0x00000007aab00000)
  object space 699392K, 4% used [0x0000000780000000,0x00000007820ee568,0x00000007aab00000)
 Metaspace       used 62559K, capacity 63114K, committed 63360K, reserved 1101824K
  class space    used 11400K, capacity 11569K, committed 11648K, reserved 1048576K
}
Event: 9.293 GC heap before
{Heap before GC invocations=16 (full 4):
 PSYoungGen      total 300544K, used 172228K [0x00000007aab00000, 0x00000007c0000000, 0x00000007c0000000)
  eden space 251904K, 56% used [0x00000007aab00000,0x00000007b3616d20,0x00000007ba100000)
  from space 48640K, 61% used [0x00000007ba100000,0x00000007bbe1a3d8,0x00000007bd080000)
  to   space 48128K, 0% used [0x00000007bd100000,0x00000007bd100000,0x00000007c0000000)
 ParOldGen       total 699392K, used 33721K [0x0000000780000000, 0x00000007aab00000, 0x00000007aab00000)
  object space 699392K, 4% used [0x0000000780000000,0x00000007820ee568,0x00000007aab00000)
 Metaspace       used 70979K, capacity 71528K, committed 71680K, reserved 1107968K
  class space    used 12990K, capacity 13151K, committed 13184K, reserved 1048576K
Event: 9.312 GC heap after
Heap after GC invocations=16 (full 4):
 PSYoungGen      total 296960K, used 35807K [0x00000007aab00000, 0x00000007c0000000, 0x00000007c0000000)
  eden space 248832K, 0% used [0x00000007aab00000,0x00000007aab00000,0x00000007b9e00000)
  from space 48128K, 74% used [0x00000007bd100000,0x00000007bf3f7d78,0x00000007c0000000)
  to   space 50176K, 0% used [0x00000007b9e00000,0x00000007b9e00000,0x00000007bcf00000)
 ParOldGen       total 699392K, used 45085K [0x0000000780000000, 0x00000007aab00000, 0x00000007aab00000)
  object space 699392K, 6% used [0x0000000780000000,0x0000000782c07528,0x00000007aab00000)
 Metaspace       used 70979K, capacity 71528K, committed 71680K, reserved 1107968K
  class space    used 12990K, capacity 13151K, committed 13184K, reserved 1048576K
}
Event: 9.312 GC heap before
{Heap before GC invocations=17 (full 5):
 PSYoungGen      total 296960K, used 35807K [0x00000007aab00000, 0x00000007c0000000, 0x00000007c0000000)
  eden space 248832K, 0% used [0x00000007aab00000,0x00000007aab00000,0x00000007b9e00000)
  from space 48128K, 74% used [0x00000007bd100000,0x00000007bf3f7d78,0x00000007c0000000)
  to   space 50176K, 0% used [0x00000007b9e00000,0x00000007b9e00000,0x00000007bcf00000)
 ParOldGen       total 699392K, used 45085K [0x0000000780000000, 0x00000007aab00000, 0x00000007aab00000)
  object space 699392K, 6% used [0x0000000780000000,0x0000000782c07528,0x00000007aab00000)
 Metaspace       used 70979K, capacity 71528K, committed 71680K, reserved 1107968K
  class space    used 12990K, capacity 13151K, committed 13184K, reserved 1048576K
Event: 9.475 GC heap after
Heap after GC invocations=17 (full 5):
 PSYoungGen      total 296960K, used 0K [0x00000007aab00000, 0x00000007c0000000, 0x00000007c0000000)
  eden space 248832K, 0% used [0x00000007aab00000,0x00000007aab00000,0x00000007b9e00000)
  from space 48128K, 0% used [0x00000007bd100000,0x00000007bd100000,0x00000007c0000000)
  to   space 50176K, 0% used [0x00000007b9e00000,0x00000007b9e00000,0x00000007bcf00000)
 ParOldGen       total 699392K, used 73914K [0x0000000780000000, 0x00000007aab00000, 0x00000007aab00000)
  object space 699392K, 10% used [0x0000000780000000,0x000000078482e980,0x00000007aab00000)
 Metaspace       used 70965K, capacity 71510K, committed 71680K, reserved 1107968K
  class space    used 12986K, capacity 13145K, committed 13184K, reserved 1048576K
}
Event: 12.941 GC heap before
{Heap before GC invocations=18 (full 5):
 PSYoungGen      total 296960K, used 248832K [0x00000007aab00000, 0x00000007c0000000, 0x00000007c0000000)
  eden space 248832K, 100% used [0x00000007aab00000,0x00000007b9e00000,0x00000007b9e00000)
  from space 48128K, 0% used [0x00000007bd100000,0x00000007bd100000,0x00000007c0000000)
  to   space 50176K, 0% used [0x00000007b9e00000,0x00000007b9e00000,0x00000007bcf00000)
 ParOldGen       total 699392K, used 73914K [0x0000000780000000, 0x00000007aab00000, 0x00000007aab00000)
  object space 699392K, 10% used [0x0000000780000000,0x000000078482e980,0x00000007aab00000)
 Metaspace       used 92139K, capacity 92801K, committed 93056K, reserved 1126400K
  class space    used 16077K, capacity 16251K, committed 16256K, reserved 1048576K
Event: 12.990 GC heap after
Heap after GC invocations=18 (full 5):
 PSYoungGen      total 299008K, used 50160K [0x00000007aab00000, 0x00000007c0000000, 0x00000007c0000000)
  eden space 248832K, 0% used [0x00000007aab00000,0x00000007aab00000,0x00000007b9e00000)
  from space 50176K, 99% used [0x00000007b9e00000,0x00000007bcefc080,0x00000007bcf00000)
  to   space 50176K, 0% used [0x00000007bcf00000,0x00000007bcf00000,0x00000007c0000000)
 ParOldGen       total 699392K, used 100609K [0x0000000780000000, 0x00000007aab00000, 0x00000007aab00000)
  object space 699392K, 14% used [0x0000000780000000,0x0000000786240450,0x00000007aab00000)
 Metaspace       used 92139K, capacity 92801K, committed 93056K, reserved 1126400K
  class space    used 16077K, capacity 16251K, committed 16256K, reserved 1048576K
}
Event: 14.876 GC heap before
{Heap before GC invocations=19 (full 5):
 PSYoungGen      total 299008K, used 298992K [0x00000007aab00000, 0x00000007c0000000, 0x00000007c0000000)
  eden space 248832K, 100% used [0x00000007aab00000,0x00000007b9e00000,0x00000007b9e00000)
  from space 50176K, 99% used [0x00000007b9e00000,0x00000007bcefc080,0x00000007bcf00000)
  to   space 50176K, 0% used [0x00000007bcf00000,0x00000007bcf00000,0x00000007c0000000)
 ParOldGen       total 699392K, used 100609K [0x0000000780000000, 0x00000007aab00000, 0x00000007aab00000)
  object space 699392K, 14% used [0x0000000780000000,0x0000000786240450,0x00000007aab00000)
 Metaspace       used 106211K, capacity 106903K, committed 107392K, reserved 1138688K
  class space    used 17740K, capacity 17962K, committed 18048K, reserved 1048576K
Event: 14.923 GC heap after
Heap after GC invocations=19 (full 5):
 PSYoungGen      total 242688K, used 50154K [0x00000007aab00000, 0x00000007c0000000, 0x00000007c0000000)
  eden space 192512K, 0% used [0x00000007aab00000,0x00000007aab00000,0x00000007b6700000)
  from space 50176K, 99% used [0x00000007bcf00000,0x00000007bfffa8b8,0x00000007c0000000)
  to   space 78336K, 0% used [0x00000007b6700000,0x00000007b6700000,0x00000007bb380000)
 ParOldGen       total 699392K, used 121667K [0x0000000780000000, 0x00000007aab00000, 0x00000007aab00000)
  object space 699392K, 17% used [0x0000000780000000,0x00000007876d0f18,0x00000007aab00000)
 Metaspace       used 106211K, capacity 106903K, committed 107392K, reserved 1138688K
  class space    used 17740K, capacity 17962K, committed 18048K, reserved 1048576K
}
Event: 16.001 GC heap before
{Heap before GC invocations=20 (full 5):
 PSYoungGen      total 242688K, used 234594K [0x00000007aab00000, 0x00000007c0000000, 0x00000007c0000000)
  eden space 192512K, 95% used [0x00000007aab00000,0x00000007b5f1e288,0x00000007b6700000)
  from space 50176K, 99% used [0x00000007bcf00000,0x00000007bfffa8b8,0x00000007c0000000)
  to   space 78336K, 0% used [0x00000007b6700000,0x00000007b6700000,0x00000007bb380000)
 ParOldGen       total 699392K, used 121667K [0x0000000780000000, 0x00000007aab00000, 0x00000007aab00000)
  object space 699392K, 17% used [0x0000000780000000,0x00000007876d0f18,0x00000007aab00000)
 Metaspace       used 118474K, capacity 119133K, committed 119468K, reserved 1148928K
  class space    used 19659K, capacity 19863K, committed 19884K, reserved 1048576K

